c:\users\muhda\onedrive\documents\github\sp01\sp1framework\debug\vc141.pdb
c:\users\muhda\onedrive\documents\github\sp01\sp1framework\debug\vc141.idb
c:\users\muhda\onedrive\documents\github\sp01\sp1framework\debug\main.obj
c:\users\muhda\onedrive\documents\github\sp01\sp1framework\debug\game.obj
c:\users\muhda\onedrive\documents\github\sp01\sp1framework\debug\timer.obj
c:\users\muhda\onedrive\documents\github\sp01\sp1framework\debug\console.obj
c:\users\muhda\onedrive\documents\github\sp01\sp1framework\debug\tilemanager.obj
c:\users\muhda\onedrive\documents\github\sp01\sp1framework\debug\levelgen.obj
c:\users\muhda\onedrive\documents\github\sp01\sp1framework\debug\keys.obj
c:\users\muhda\onedrive\documents\github\sp01\sp1framework\debug\combat.obj
c:\users\muhda\onedrive\documents\github\sp01\sp1framework\debug\collision.obj
c:\users\muhda\onedrive\documents\github\sp01\sp1framework\debug\useranswer.obj
c:\users\muhda\onedrive\documents\github\sp01\sp1framework\debug\timefreeze.obj
c:\users\muhda\onedrive\documents\github\sp01\sp1framework\debug\textstore.obj
c:\users\muhda\onedrive\documents\github\sp01\debug\sp1framework.exe
c:\users\muhda\onedrive\documents\github\sp01\debug\sp1framework.ilk
c:\users\muhda\onedrive\documents\github\sp01\debug\sp1framework.pdb
c:\users\muhda\onedrive\documents\github\sp01\sp1framework\debug\levels.obj
c:\users\muhda\onedrive\documents\github\sp01\sp1framework\debug\rendertext.obj
c:\users\muhda\onedrive\documents\github\sp01\sp1framework\debug\textchanger.obj
c:\users\muhda\onedrive\documents\github\sp01\sp1framework\debug\textrendering.obj
c:\users\muhda\onedrive\documents\github\sp01\sp1framework\debug\game.obj.enc
c:\users\muhda\onedrive\documents\github\sp01\sp1framework\debug\vc140.idb
c:\users\muhda\onedrive\documents\github\sp01\sp1framework\debug\vc140.pdb
c:\users\muhda\onedrive\documents\github\sp01\sp1framework\debug\sp1framework.tlog\cl.command.1.tlog
c:\users\muhda\onedrive\documents\github\sp01\sp1framework\debug\sp1framework.tlog\cl.read.1.tlog
c:\users\muhda\onedrive\documents\github\sp01\sp1framework\debug\sp1framework.tlog\cl.write.1.tlog
c:\users\muhda\onedrive\documents\github\sp01\sp1framework\debug\sp1framework.tlog\link.command.1.tlog
c:\users\muhda\onedrive\documents\github\sp01\sp1framework\debug\sp1framework.tlog\link.read.1.tlog
c:\users\muhda\onedrive\documents\github\sp01\sp1framework\debug\sp1framework.tlog\link.write.1.tlog
