  collision.cpp
  combat.cpp
  console.cpp
  timer.cpp
  game.cpp
c:\github\.vs\sp01t11\sp1framework\game.cpp(585): warning C4244: 'argument': conversion from 'time_t' to 'unsigned int', possible loss of data
  Keys.cpp
c:\github\.vs\sp01t11\sp1framework\keys.cpp(15): warning C4244: 'argument': conversion from 'time_t' to 'unsigned int', possible loss of data
c:\github\.vs\sp01t11\sp1framework\keys.cpp(27): warning C4065: switch statement contains 'default' but no 'case' labels
  levelgen.cpp
c:\github\.vs\sp01t11\sp1framework\levelgen.cpp(41): warning C4309: 'argument': truncation of constant value
  main.cpp
  TextStore.cpp
  TimeFreeze.cpp
  UserAnswer.cpp
c:\github\.vs\sp01t11\sp1framework\useranswer.cpp(6): warning C4805: '==': unsafe mix of type 'bool' and type 'char' in operation
c:\github\.vs\sp01t11\sp1framework\useranswer.cpp(10): warning C4805: '==': unsafe mix of type 'bool' and type 'char' in operation
c:\github\.vs\sp01t11\sp1framework\useranswer.cpp(14): warning C4805: '==': unsafe mix of type 'bool' and type 'char' in operation
  tilemanager.cpp
  Generating Code...
c:\github\.vs\sp01t11\sp1framework\keys.cpp(17): warning C4700: uninitialized local variable 'doneGiven' used
  LINK : C:\GItHub\.vs\SP01T11\Debug\SP1Framework.exe not found or not built by the last incremental link; performing full link
  SP1Framework.vcxproj -> C:\GItHub\.vs\SP01T11\Debug\SP1Framework.exe
