c:\users\muhda\onedrive\documents\github\sp01\sp1framework\release\vc141.pdb
c:\users\muhda\onedrive\documents\github\sp01\sp1framework\release\tilemanager.obj
c:\users\muhda\onedrive\documents\github\sp01\sp1framework\release\music.obj
c:\users\muhda\onedrive\documents\github\sp01\sp1framework\release\mobmovement.obj
c:\users\muhda\onedrive\documents\github\sp01\sp1framework\release\main.obj
c:\users\muhda\onedrive\documents\github\sp01\sp1framework\release\game.obj
c:\users\muhda\onedrive\documents\github\sp01\sp1framework\release\timer.obj
c:\users\muhda\onedrive\documents\github\sp01\sp1framework\release\console.obj
c:\users\muhda\onedrive\documents\github\sp01\sp1framework\release\combatrender.obj
c:\users\muhda\onedrive\documents\github\sp01\release\sp1framework.exe
c:\users\muhda\onedrive\documents\github\sp01\release\sp1framework.pdb
c:\users\muhda\onedrive\documents\github\sp01\release\sp1framework.ipdb
c:\users\muhda\onedrive\documents\github\sp01\release\sp1framework.iobj
c:\users\muhda\onedrive\documents\github\sp01\sp1framework\release\collision.obj
c:\users\muhda\onedrive\documents\github\sp01\sp1framework\release\levelgen.obj
c:\users\muhda\onedrive\documents\github\sp01\sp1framework\release\vc140.pdb
c:\users\muhda\onedrive\documents\github\sp01\sp1framework\release\sp1framework.tlog\cl.command.1.tlog
c:\users\muhda\onedrive\documents\github\sp01\sp1framework\release\sp1framework.tlog\cl.read.1.tlog
c:\users\muhda\onedrive\documents\github\sp01\sp1framework\release\sp1framework.tlog\cl.write.1.tlog
c:\users\muhda\onedrive\documents\github\sp01\sp1framework\release\sp1framework.tlog\link.command.1.tlog
c:\users\muhda\onedrive\documents\github\sp01\sp1framework\release\sp1framework.tlog\link.read.1.tlog
c:\users\muhda\onedrive\documents\github\sp01\sp1framework\release\sp1framework.tlog\link.write.1.tlog
c:\users\muhda\onedrive\documents\github\sp01\sp1framework\release\sp1framework.tlog\sp1framework.write.1u.tlog
